PDB info extracted!
Distance cutoff scan value extraction complete!
BENMs scan eigenvalue extraction complete!
Distance cutoff of 5.0 A has a floppy mode.
Distance cutoff of 5.5 A has a floppy mode.
Distance cutoff of 6.0 A has a floppy mode.
Distance cutoff of 6.5 A has a floppy mode.
Form index: 0
Scaled spring constants [kcal/mol/A^2]
7.0    87.80
7.5    38.27
8.0    21.10
8.5    12.28
9.0     6.46
9.5     4.27
10.0    2.56
10.5    1.74
11.0    1.25
11.5    0.94
12.0    0.69
12.5    0.52
13.0    0.41
13.5    0.33
14.0    0.27
14.5    0.21
15.0    0.18
Name: 1, dtype: float64
Form index: 0
Scaled spring constants [kcal/mol/A^2]
1.0     D
10.0    D
20.0    D
30.0    D
40.0    D
50.0    D
100.0   D
150.0   D
200.0   D
250.0   D
300.0   D
Name: 1, dtype: float64
